<?xml version="1.0" encoding="UTF-8"?>
<testsuite xmlns:xsi="http://www.w3.org/2001/XMLSchema-instance" xsi:noNamespaceSchemaLocation="https://maven.apache.org/surefire/maven-surefire-plugin/xsd/surefire-test-report-3.0.xsd" version="3.0" name="de.haw.pra1.mmd.ProcessUnitTest" time="2.182" tests="1" errors="0" skipped="0" failures="0">
  <properties>
    <property name="java.specification.version" value="21"/>
    <property name="sun.jnu.encoding" value="UTF-8"/>
    <property name="java.class.path" value="/Users/matthiasraimann/Desktop/pi_pra/pra1.mmd/target/test-classes:/Users/matthiasraimann/Desktop/pi_pra/pra1.mmd/target/classes:/Users/matthiasraimann/.m2/repository/org/camunda/bpm/camunda-engine/7.21.0/camunda-engine-7.21.0.jar:/Users/matthiasraimann/.m2/repository/org/camunda/bpm/model/camunda-bpmn-model/7.21.0/camunda-bpmn-model-7.21.0.jar:/Users/matthiasraimann/.m2/repository/org/camunda/bpm/model/camunda-xml-model/7.21.0/camunda-xml-model-7.21.0.jar:/Users/matthiasraimann/.m2/repository/org/camunda/bpm/model/camunda-cmmn-model/7.21.0/camunda-cmmn-model-7.21.0.jar:/Users/matthiasraimann/.m2/repository/org/camunda/bpm/juel/camunda-juel/7.21.0/camunda-juel-7.21.0.jar:/Users/matthiasraimann/.m2/repository/org/camunda/bpm/dmn/camunda-engine-dmn/7.21.0/camunda-engine-dmn-7.21.0.jar:/Users/matthiasraimann/.m2/repository/org/camunda/bpm/model/camunda-dmn-model/7.21.0/camunda-dmn-model-7.21.0.jar:/Users/matthiasraimann/.m2/repository/org/camunda/bpm/dmn/camunda-engine-feel-api/7.21.0/camunda-engine-feel-api-7.21.0.jar:/Users/matthiasraimann/.m2/repository/org/camunda/bpm/dmn/camunda-engine-feel-juel/7.21.0/camunda-engine-feel-juel-7.21.0.jar:/Users/matthiasraimann/.m2/repository/org/camunda/bpm/dmn/camunda-engine-feel-scala/7.21.0/camunda-engine-feel-scala-7.21.0.jar:/Users/matthiasraimann/.m2/repository/org/camunda/feel/feel-engine/1.17.5/feel-engine-1.17.5-scala-shaded.jar:/Users/matthiasraimann/.m2/repository/org/camunda/commons/camunda-commons-logging/1.13.0/camunda-commons-logging-1.13.0.jar:/Users/matthiasraimann/.m2/repository/org/camunda/commons/camunda-commons-typed-values/7.21.0/camunda-commons-typed-values-7.21.0.jar:/Users/matthiasraimann/.m2/repository/org/mybatis/mybatis/3.5.15/mybatis-3.5.15.jar:/Users/matthiasraimann/.m2/repository/org/springframework/spring-beans/5.3.27/spring-beans-5.3.27.jar:/Users/matthiasraimann/.m2/repository/org/springframework/spring-core/5.3.27/spring-core-5.3.27.jar:/Users/matthiasraimann/.m2/repository/org/springframework/spring-jcl/5.3.27/spring-jcl-5.3.27.jar:/Users/matthiasraimann/.m2/repository/joda-time/joda-time/2.12.5/joda-time-2.12.5.jar:/Users/matthiasraimann/.m2/repository/org/camunda/connect/camunda-connect-core/1.6.0/camunda-connect-core-1.6.0.jar:/Users/matthiasraimann/.m2/repository/org/camunda/connect/camunda-connect-connectors-all/1.6.0/camunda-connect-connectors-all-1.6.0.jar:/Users/matthiasraimann/.m2/repository/org/camunda/bpm/camunda-bpm-assert/7.21.0/camunda-bpm-assert-7.21.0.jar:/Users/matthiasraimann/.m2/repository/org/assertj/assertj-core/3.24.2/assertj-core-3.24.2.jar:/Users/matthiasraimann/.m2/repository/net/bytebuddy/byte-buddy/1.12.21/byte-buddy-1.12.21.jar:/Users/matthiasraimann/.m2/repository/org/camunda/spin/camunda-spin-dataformat-all/1.23.0/camunda-spin-dataformat-all-1.23.0.jar:/Users/matthiasraimann/.m2/repository/org/camunda/spin/camunda-spin-core/1.23.0/camunda-spin-core-1.23.0.jar:/Users/matthiasraimann/.m2/repository/org/slf4j/slf4j-api/1.7.26/slf4j-api-1.7.26.jar:/Users/matthiasraimann/.m2/repository/org/camunda/commons/camunda-commons-utils/1.13.0/camunda-commons-utils-1.13.0.jar:/Users/matthiasraimann/.m2/repository/org/camunda/bpm/camunda-engine-plugin-spin/7.21.0/camunda-engine-plugin-spin-7.21.0.jar:/Users/matthiasraimann/.m2/repository/org/camunda/template-engines/camunda-template-engines-freemarker/2.2.0/camunda-template-engines-freemarker-2.2.0.jar:/Users/matthiasraimann/.m2/repository/org/freemarker/freemarker/2.3.31/freemarker-2.3.31.jar:/Users/matthiasraimann/.m2/repository/javax/servlet/javax.servlet-api/3.1.0/javax.servlet-api-3.1.0.jar:/Users/matthiasraimann/.m2/repository/org/camunda/bpm/camunda-bpm-junit5/7.21.0/camunda-bpm-junit5-7.21.0.jar:/Users/matthiasraimann/.m2/repository/org/camunda/bpm/dmn/camunda-dmn-junit5/7.21.0/camunda-dmn-junit5-7.21.0.jar:/Users/matthiasraimann/.m2/repository/com/h2database/h2/2.1.214/h2-2.1.214.jar:/Users/matthiasraimann/.m2/repository/org/camunda/community/process_test_coverage/camunda-process-test-coverage-junit5-platform-7/2.1.0/camunda-process-test-coverage-junit5-platform-7-2.1.0.jar:/Users/matthiasraimann/.m2/repository/org/camunda/community/process_test_coverage/camunda-process-test-coverage-engine-platform-7/2.1.0/camunda-process-test-coverage-engine-platform-7-2.1.0.jar:/Users/matthiasraimann/.m2/repository/org/camunda/community/process_test_coverage/camunda-process-test-coverage-core/2.1.0/camunda-process-test-coverage-core-2.1.0.jar:/Users/matthiasraimann/.m2/repository/com/google/code/gson/gson/2.8.9/gson-2.8.9.jar:/Users/matthiasraimann/.m2/repository/org/camunda/community/process_test_coverage/camunda-process-test-coverage-report-generator/2.1.0/camunda-process-test-coverage-report-generator-2.1.0.jar:/Users/matthiasraimann/.m2/repository/org/apache/commons/commons-lang3/3.12.0/commons-lang3-3.12.0.jar:/Users/matthiasraimann/.m2/repository/io/github/microutils/kotlin-logging-jvm/3.0.0/kotlin-logging-jvm-3.0.0.jar:/Users/matthiasraimann/.m2/repository/org/jetbrains/kotlin/kotlin-stdlib-common/1.6.0/kotlin-stdlib-common-1.6.0.jar:/Users/matthiasraimann/.m2/repository/org/jetbrains/kotlin/kotlin-stdlib-jdk8/1.6.0/kotlin-stdlib-jdk8-1.6.0.jar:/Users/matthiasraimann/.m2/repository/org/jetbrains/kotlin/kotlin-stdlib/1.6.0/kotlin-stdlib-1.6.0.jar:/Users/matthiasraimann/.m2/repository/org/jetbrains/annotations/13.0/annotations-13.0.jar:/Users/matthiasraimann/.m2/repository/org/jetbrains/kotlin/kotlin-stdlib-jdk7/1.6.0/kotlin-stdlib-jdk7-1.6.0.jar:/Users/matthiasraimann/.m2/repository/org/junit/jupiter/junit-jupiter/5.8.2/junit-jupiter-5.8.2.jar:/Users/matthiasraimann/.m2/repository/org/junit/jupiter/junit-jupiter-api/5.8.2/junit-jupiter-api-5.8.2.jar:/Users/matthiasraimann/.m2/repository/org/opentest4j/opentest4j/1.2.0/opentest4j-1.2.0.jar:/Users/matthiasraimann/.m2/repository/org/junit/platform/junit-platform-commons/1.8.2/junit-platform-commons-1.8.2.jar:/Users/matthiasraimann/.m2/repository/org/apiguardian/apiguardian-api/1.1.2/apiguardian-api-1.1.2.jar:/Users/matthiasraimann/.m2/repository/org/junit/jupiter/junit-jupiter-params/5.8.2/junit-jupiter-params-5.8.2.jar:/Users/matthiasraimann/.m2/repository/org/junit/jupiter/junit-jupiter-engine/5.8.2/junit-jupiter-engine-5.8.2.jar:/Users/matthiasraimann/.m2/repository/org/junit/platform/junit-platform-engine/1.8.2/junit-platform-engine-1.8.2.jar:/Users/matthiasraimann/.m2/repository/org/camunda/bpm/extension/camunda-bpm-junit5/1.1.0/camunda-bpm-junit5-1.1.0.jar:/Users/matthiasraimann/.m2/repository/org/camunda/community/process_test_coverage/camunda-process-test-coverage-spring-test-platform-7/2.1.0/camunda-process-test-coverage-spring-test-platform-7-2.1.0.jar:/Users/matthiasraimann/.m2/repository/ch/qos/logback/logback-classic/1.2.12/logback-classic-1.2.12.jar:/Users/matthiasraimann/.m2/repository/ch/qos/logback/logback-core/1.2.12/logback-core-1.2.12.jar:/Users/matthiasraimann/.m2/repository/org/slf4j/jcl-over-slf4j/1.7.36/jcl-over-slf4j-1.7.36.jar:/Users/matthiasraimann/.m2/repository/org/slf4j/jul-to-slf4j/1.7.36/jul-to-slf4j-1.7.36.jar:"/>
    <property name="java.vm.vendor" value="Homebrew"/>
    <property name="sun.arch.data.model" value="64"/>
    <property name="java.vendor.url" value="https://github.com/Homebrew/homebrew-core/issues"/>
    <property name="user.timezone" value="Europe/Berlin"/>
    <property name="os.name" value="Mac OS X"/>
    <property name="java.vm.specification.version" value="21"/>
    <property name="sun.java.launcher" value="SUN_STANDARD"/>
    <property name="user.country" value="DE"/>
    <property name="sun.boot.library.path" value="/opt/homebrew/Cellar/openjdk/21.0.1/libexec/openjdk.jdk/Contents/Home/lib"/>
    <property name="sun.java.command" value="/Users/matthiasraimann/Desktop/pi_pra/pra1.mmd/target/surefire/surefirebooter-20240417161631422_3.jar /Users/matthiasraimann/Desktop/pi_pra/pra1.mmd/target/surefire 2024-04-17T16-16-31_379-jvmRun1 surefire-20240417161631422_1tmp surefire_0-20240417161631422_2tmp"/>
    <property name="http.nonProxyHosts" value="local|*.local|169.254/16|*.169.254/16"/>
    <property name="jdk.debug" value="release"/>
    <property name="surefire.test.class.path" value="/Users/matthiasraimann/Desktop/pi_pra/pra1.mmd/target/test-classes:/Users/matthiasraimann/Desktop/pi_pra/pra1.mmd/target/classes:/Users/matthiasraimann/.m2/repository/org/camunda/bpm/camunda-engine/7.21.0/camunda-engine-7.21.0.jar:/Users/matthiasraimann/.m2/repository/org/camunda/bpm/model/camunda-bpmn-model/7.21.0/camunda-bpmn-model-7.21.0.jar:/Users/matthiasraimann/.m2/repository/org/camunda/bpm/model/camunda-xml-model/7.21.0/camunda-xml-model-7.21.0.jar:/Users/matthiasraimann/.m2/repository/org/camunda/bpm/model/camunda-cmmn-model/7.21.0/camunda-cmmn-model-7.21.0.jar:/Users/matthiasraimann/.m2/repository/org/camunda/bpm/juel/camunda-juel/7.21.0/camunda-juel-7.21.0.jar:/Users/matthiasraimann/.m2/repository/org/camunda/bpm/dmn/camunda-engine-dmn/7.21.0/camunda-engine-dmn-7.21.0.jar:/Users/matthiasraimann/.m2/repository/org/camunda/bpm/model/camunda-dmn-model/7.21.0/camunda-dmn-model-7.21.0.jar:/Users/matthiasraimann/.m2/repository/org/camunda/bpm/dmn/camunda-engine-feel-api/7.21.0/camunda-engine-feel-api-7.21.0.jar:/Users/matthiasraimann/.m2/repository/org/camunda/bpm/dmn/camunda-engine-feel-juel/7.21.0/camunda-engine-feel-juel-7.21.0.jar:/Users/matthiasraimann/.m2/repository/org/camunda/bpm/dmn/camunda-engine-feel-scala/7.21.0/camunda-engine-feel-scala-7.21.0.jar:/Users/matthiasraimann/.m2/repository/org/camunda/feel/feel-engine/1.17.5/feel-engine-1.17.5-scala-shaded.jar:/Users/matthiasraimann/.m2/repository/org/camunda/commons/camunda-commons-logging/1.13.0/camunda-commons-logging-1.13.0.jar:/Users/matthiasraimann/.m2/repository/org/camunda/commons/camunda-commons-typed-values/7.21.0/camunda-commons-typed-values-7.21.0.jar:/Users/matthiasraimann/.m2/repository/org/mybatis/mybatis/3.5.15/mybatis-3.5.15.jar:/Users/matthiasraimann/.m2/repository/org/springframework/spring-beans/5.3.27/spring-beans-5.3.27.jar:/Users/matthiasraimann/.m2/repository/org/springframework/spring-core/5.3.27/spring-core-5.3.27.jar:/Users/matthiasraimann/.m2/repository/org/springframework/spring-jcl/5.3.27/spring-jcl-5.3.27.jar:/Users/matthiasraimann/.m2/repository/joda-time/joda-time/2.12.5/joda-time-2.12.5.jar:/Users/matthiasraimann/.m2/repository/org/camunda/connect/camunda-connect-core/1.6.0/camunda-connect-core-1.6.0.jar:/Users/matthiasraimann/.m2/repository/org/camunda/connect/camunda-connect-connectors-all/1.6.0/camunda-connect-connectors-all-1.6.0.jar:/Users/matthiasraimann/.m2/repository/org/camunda/bpm/camunda-bpm-assert/7.21.0/camunda-bpm-assert-7.21.0.jar:/Users/matthiasraimann/.m2/repository/org/assertj/assertj-core/3.24.2/assertj-core-3.24.2.jar:/Users/matthiasraimann/.m2/repository/net/bytebuddy/byte-buddy/1.12.21/byte-buddy-1.12.21.jar:/Users/matthiasraimann/.m2/repository/org/camunda/spin/camunda-spin-dataformat-all/1.23.0/camunda-spin-dataformat-all-1.23.0.jar:/Users/matthiasraimann/.m2/repository/org/camunda/spin/camunda-spin-core/1.23.0/camunda-spin-core-1.23.0.jar:/Users/matthiasraimann/.m2/repository/org/slf4j/slf4j-api/1.7.26/slf4j-api-1.7.26.jar:/Users/matthiasraimann/.m2/repository/org/camunda/commons/camunda-commons-utils/1.13.0/camunda-commons-utils-1.13.0.jar:/Users/matthiasraimann/.m2/repository/org/camunda/bpm/camunda-engine-plugin-spin/7.21.0/camunda-engine-plugin-spin-7.21.0.jar:/Users/matthiasraimann/.m2/repository/org/camunda/template-engines/camunda-template-engines-freemarker/2.2.0/camunda-template-engines-freemarker-2.2.0.jar:/Users/matthiasraimann/.m2/repository/org/freemarker/freemarker/2.3.31/freemarker-2.3.31.jar:/Users/matthiasraimann/.m2/repository/javax/servlet/javax.servlet-api/3.1.0/javax.servlet-api-3.1.0.jar:/Users/matthiasraimann/.m2/repository/org/camunda/bpm/camunda-bpm-junit5/7.21.0/camunda-bpm-junit5-7.21.0.jar:/Users/matthiasraimann/.m2/repository/org/camunda/bpm/dmn/camunda-dmn-junit5/7.21.0/camunda-dmn-junit5-7.21.0.jar:/Users/matthiasraimann/.m2/repository/com/h2database/h2/2.1.214/h2-2.1.214.jar:/Users/matthiasraimann/.m2/repository/org/camunda/community/process_test_coverage/camunda-process-test-coverage-junit5-platform-7/2.1.0/camunda-process-test-coverage-junit5-platform-7-2.1.0.jar:/Users/matthiasraimann/.m2/repository/org/camunda/community/process_test_coverage/camunda-process-test-coverage-engine-platform-7/2.1.0/camunda-process-test-coverage-engine-platform-7-2.1.0.jar:/Users/matthiasraimann/.m2/repository/org/camunda/community/process_test_coverage/camunda-process-test-coverage-core/2.1.0/camunda-process-test-coverage-core-2.1.0.jar:/Users/matthiasraimann/.m2/repository/com/google/code/gson/gson/2.8.9/gson-2.8.9.jar:/Users/matthiasraimann/.m2/repository/org/camunda/community/process_test_coverage/camunda-process-test-coverage-report-generator/2.1.0/camunda-process-test-coverage-report-generator-2.1.0.jar:/Users/matthiasraimann/.m2/repository/org/apache/commons/commons-lang3/3.12.0/commons-lang3-3.12.0.jar:/Users/matthiasraimann/.m2/repository/io/github/microutils/kotlin-logging-jvm/3.0.0/kotlin-logging-jvm-3.0.0.jar:/Users/matthiasraimann/.m2/repository/org/jetbrains/kotlin/kotlin-stdlib-common/1.6.0/kotlin-stdlib-common-1.6.0.jar:/Users/matthiasraimann/.m2/repository/org/jetbrains/kotlin/kotlin-stdlib-jdk8/1.6.0/kotlin-stdlib-jdk8-1.6.0.jar:/Users/matthiasraimann/.m2/repository/org/jetbrains/kotlin/kotlin-stdlib/1.6.0/kotlin-stdlib-1.6.0.jar:/Users/matthiasraimann/.m2/repository/org/jetbrains/annotations/13.0/annotations-13.0.jar:/Users/matthiasraimann/.m2/repository/org/jetbrains/kotlin/kotlin-stdlib-jdk7/1.6.0/kotlin-stdlib-jdk7-1.6.0.jar:/Users/matthiasraimann/.m2/repository/org/junit/jupiter/junit-jupiter/5.8.2/junit-jupiter-5.8.2.jar:/Users/matthiasraimann/.m2/repository/org/junit/jupiter/junit-jupiter-api/5.8.2/junit-jupiter-api-5.8.2.jar:/Users/matthiasraimann/.m2/repository/org/opentest4j/opentest4j/1.2.0/opentest4j-1.2.0.jar:/Users/matthiasraimann/.m2/repository/org/junit/platform/junit-platform-commons/1.8.2/junit-platform-commons-1.8.2.jar:/Users/matthiasraimann/.m2/repository/org/apiguardian/apiguardian-api/1.1.2/apiguardian-api-1.1.2.jar:/Users/matthiasraimann/.m2/repository/org/junit/jupiter/junit-jupiter-params/5.8.2/junit-jupiter-params-5.8.2.jar:/Users/matthiasraimann/.m2/repository/org/junit/jupiter/junit-jupiter-engine/5.8.2/junit-jupiter-engine-5.8.2.jar:/Users/matthiasraimann/.m2/repository/org/junit/platform/junit-platform-engine/1.8.2/junit-platform-engine-1.8.2.jar:/Users/matthiasraimann/.m2/repository/org/camunda/bpm/extension/camunda-bpm-junit5/1.1.0/camunda-bpm-junit5-1.1.0.jar:/Users/matthiasraimann/.m2/repository/org/camunda/community/process_test_coverage/camunda-process-test-coverage-spring-test-platform-7/2.1.0/camunda-process-test-coverage-spring-test-platform-7-2.1.0.jar:/Users/matthiasraimann/.m2/repository/ch/qos/logback/logback-classic/1.2.12/logback-classic-1.2.12.jar:/Users/matthiasraimann/.m2/repository/ch/qos/logback/logback-core/1.2.12/logback-core-1.2.12.jar:/Users/matthiasraimann/.m2/repository/org/slf4j/jcl-over-slf4j/1.7.36/jcl-over-slf4j-1.7.36.jar:/Users/matthiasraimann/.m2/repository/org/slf4j/jul-to-slf4j/1.7.36/jul-to-slf4j-1.7.36.jar:"/>
    <property name="sun.cpu.endian" value="little"/>
    <property name="user.home" value="/Users/matthiasraimann"/>
    <property name="user.language" value="en"/>
    <property name="java.specification.vendor" value="Oracle Corporation"/>
    <property name="java.version.date" value="2023-10-17"/>
    <property name="java.home" value="/opt/homebrew/Cellar/openjdk/21.0.1/libexec/openjdk.jdk/Contents/Home"/>
    <property name="file.separator" value="/"/>
    <property name="basedir" value="/Users/matthiasraimann/Desktop/pi_pra/pra1.mmd"/>
    <property name="java.vm.compressedOopsMode" value="Zero based"/>
    <property name="line.separator" value="&#10;"/>
    <property name="java.vm.specification.vendor" value="Oracle Corporation"/>
    <property name="java.specification.name" value="Java Platform API Specification"/>
    <property name="apple.awt.application.name" value="ForkedBooter"/>
    <property name="surefire.real.class.path" value="/Users/matthiasraimann/Desktop/pi_pra/pra1.mmd/target/surefire/surefirebooter-20240417161631422_3.jar"/>
    <property name="sun.management.compiler" value="HotSpot 64-Bit Tiered Compilers"/>
    <property name="ftp.nonProxyHosts" value="local|*.local|169.254/16|*.169.254/16"/>
    <property name="java.runtime.version" value="21.0.1"/>
    <property name="user.name" value="matthiasraimann"/>
    <property name="stdout.encoding" value="US-ASCII"/>
    <property name="path.separator" value=":"/>
    <property name="os.version" value="14.2.1"/>
    <property name="java.runtime.name" value="OpenJDK Runtime Environment"/>
    <property name="file.encoding" value="UTF-8"/>
    <property name="java.vm.name" value="OpenJDK 64-Bit Server VM"/>
    <property name="java.vendor.version" value="Homebrew"/>
    <property name="localRepository" value="/Users/matthiasraimann/.m2/repository"/>
    <property name="java.vendor.url.bug" value="https://github.com/Homebrew/homebrew-core/issues"/>
    <property name="java.io.tmpdir" value="/var/folders/m3/xlb0vp2s4_173j7jhycxlznh0000gn/T/"/>
    <property name="java.version" value="21.0.1"/>
    <property name="user.dir" value="/Users/matthiasraimann/Desktop/pi_pra/pra1.mmd"/>
    <property name="os.arch" value="aarch64"/>
    <property name="java.vm.specification.name" value="Java Virtual Machine Specification"/>
    <property name="native.encoding" value="US-ASCII"/>
    <property name="java.library.path" value="/Users/matthiasraimann/Library/Java/Extensions:/Library/Java/Extensions:/Network/Library/Java/Extensions:/System/Library/Java/Extensions:/usr/lib/java:."/>
    <property name="java.vm.info" value="mixed mode, sharing"/>
    <property name="stderr.encoding" value="US-ASCII"/>
    <property name="java.vendor" value="Homebrew"/>
    <property name="java.vm.version" value="21.0.1"/>
    <property name="sun.io.unicode.encoding" value="UnicodeBig"/>
    <property name="socksNonProxyHosts" value="local|*.local|169.254/16|*.169.254/16"/>
    <property name="java.class.version" value="65.0"/>
  </properties>
  <testcase name="testHappyPath" classname="de.haw.pra1.mmd.ProcessUnitTest" time="0.339">
    <system-out><![CDATA[16:16:31.808 [main] DEBUG org.camunda.bpm.engine.test - ==== BUILDING PROCESS ENGINE ========================================================================
16:16:32.013 [main] INFO  org.camunda.bpm.engine.cfg - ENGINE-12003 Plugin 'SpinProcessEnginePlugin' activated on process engine 'default'
16:16:32.015 [main] INFO  org.camunda.spin - SPIN-01010 Discovered Spin data format provider: org.camunda.spin.impl.json.jackson.format.JacksonJsonDataFormatProvider[name = application/json]
16:16:32.086 [main] INFO  org.camunda.spin - SPIN-01010 Discovered Spin data format provider: org.camunda.spin.impl.xml.dom.format.DomXmlDataFormatProvider[name = application/xml]
16:16:32.149 [main] INFO  org.camunda.spin - SPIN-01009 Discovered Spin data format: org.camunda.spin.impl.xml.dom.format.DomXmlDataFormat[name = application/xml]
16:16:32.149 [main] INFO  org.camunda.spin - SPIN-01009 Discovered Spin data format: org.camunda.spin.impl.json.jackson.format.JacksonJsonDataFormat[name = application/json]
16:16:32.200 [main] INFO  org.camunda.bpm.dmn.feel.scala - FEEL/SCALA-01001 Spin value mapper detected
16:16:32.247 [main] INFO  org.camunda.feel.FeelEngine - Engine created. [value-mapper: CompositeValueMapper(List(org.camunda.feel.impl.JavaValueMapper@6fd5717c, org.camunda.spin.plugin.impl.feel.integration.SpinValueMapper@7e2f86e6)), function-provider: org.camunda.bpm.dmn.feel.impl.scala.function.CustomFunctionTransformer@3900fa71, clock: SystemClock, configuration: {externalFunctionsEnabled: false}]
16:16:33.417 [main] INFO  org.camunda.bpm.connect - CNCT-01004 Discovered provider for connector id 'http-connector' and class 'org.camunda.connect.httpclient.impl.HttpConnectorImpl': 'org.camunda.connect.httpclient.impl.HttpConnectorProviderImpl'
16:16:33.418 [main] INFO  org.camunda.bpm.connect - CNCT-01004 Discovered provider for connector id 'soap-http-connector' and class 'org.camunda.connect.httpclient.soap.impl.SoapHttpConnectorImpl': 'org.camunda.connect.httpclient.soap.impl.SoapHttpConnectorProviderImpl'
16:16:33.511 [main] INFO  org.camunda.bpm.engine.persistence - ENGINE-03016 Performing database operation 'create' on component 'engine' with resource 'org/camunda/bpm/engine/db/create/activiti.h2.create.engine.sql'
16:16:33.544 [main] INFO  org.camunda.bpm.engine.persistence - ENGINE-03016 Performing database operation 'create' on component 'history' with resource 'org/camunda/bpm/engine/db/create/activiti.h2.create.history.sql'
16:16:33.551 [main] INFO  org.camunda.bpm.engine.persistence - ENGINE-03016 Performing database operation 'create' on component 'identity' with resource 'org/camunda/bpm/engine/db/create/activiti.h2.create.identity.sql'
16:16:33.559 [main] INFO  org.camunda.bpm.engine.persistence - ENGINE-03016 Performing database operation 'create' on component 'case.engine' with resource 'org/camunda/bpm/engine/db/create/activiti.h2.create.case.engine.sql'
16:16:33.560 [main] INFO  org.camunda.bpm.engine.persistence - ENGINE-03016 Performing database operation 'create' on component 'case.history' with resource 'org/camunda/bpm/engine/db/create/activiti.h2.create.case.history.sql'
16:16:33.562 [main] INFO  org.camunda.bpm.engine.persistence - ENGINE-03016 Performing database operation 'create' on component 'decision.engine' with resource 'org/camunda/bpm/engine/db/create/activiti.h2.create.decision.engine.sql'
16:16:33.565 [main] INFO  org.camunda.bpm.engine.persistence - ENGINE-03016 Performing database operation 'create' on component 'decision.history' with resource 'org/camunda/bpm/engine/db/create/activiti.h2.create.decision.history.sql'
16:16:33.589 [main] INFO  org.camunda.bpm.engine.persistence - ENGINE-03067 No history level property found in database
16:16:33.591 [main] INFO  org.camunda.bpm.engine.persistence - ENGINE-03065 Creating historyLevel property in database for level: HistoryLevelFull(name=full, id=3)
16:16:33.601 [main] INFO  org.camunda.bpm.engine - ENGINE-00001 Process Engine default created.
16:16:33.602 [main] DEBUG org.camunda.bpm.engine.test - ==== PROCESS ENGINE CREATED =========================================================================
16:16:33.605 [main] INFO  o.c.b.e.j.t.ProcessEngineExtension - annotation @Deployment creates deployment for de.haw.pra1.mmd.ProcessUnitTest.testHappyPath
16:16:33.892 [main] INFO  o.c.c.p.j.p.ProcessEngineCoverageExtension - testHappyPath test method coverage is 1.0
16:16:33.892 [main] INFO  o.c.b.e.j.t.ProcessEngineExtension - annotation @Deployment deletes deployment for de.haw.pra1.mmd.ProcessUnitTest.testHappyPath
]]></system-out>
  </testcase>
</testsuite>