<?xml version="1.0" encoding="UTF-8"?>
<testsuite xmlns:xsi="http://www.w3.org/2001/XMLSchema-instance" xsi:noNamespaceSchemaLocation="https://maven.apache.org/surefire/maven-surefire-plugin/xsd/surefire-test-report-3.0.xsd" version="3.0" name="de.haw.pra1.mmd.ProcessUnitTest" time="23.292" tests="8" errors="0" skipped="0" failures="0">
  <properties>
    <property name="java.specification.version" value="17"/>
    <property name="sun.cpu.isalist" value="amd64"/>
    <property name="sun.jnu.encoding" value="Cp1252"/>
    <property name="java.class.path" value="C:\Users\Lenovo\Documents\Github Repositories\pra1.mmd\target\test-classes;C:\Users\Lenovo\Documents\Github Repositories\pra1.mmd\target\classes;C:\Users\Lenovo\.m2\repository\org\camunda\bpm\camunda-engine\7.21.0\camunda-engine-7.21.0.jar;C:\Users\Lenovo\.m2\repository\org\camunda\bpm\model\camunda-bpmn-model\7.21.0\camunda-bpmn-model-7.21.0.jar;C:\Users\Lenovo\.m2\repository\org\camunda\bpm\model\camunda-xml-model\7.21.0\camunda-xml-model-7.21.0.jar;C:\Users\Lenovo\.m2\repository\org\camunda\bpm\model\camunda-cmmn-model\7.21.0\camunda-cmmn-model-7.21.0.jar;C:\Users\Lenovo\.m2\repository\org\camunda\bpm\juel\camunda-juel\7.21.0\camunda-juel-7.21.0.jar;C:\Users\Lenovo\.m2\repository\org\camunda\bpm\dmn\camunda-engine-dmn\7.21.0\camunda-engine-dmn-7.21.0.jar;C:\Users\Lenovo\.m2\repository\org\camunda\bpm\model\camunda-dmn-model\7.21.0\camunda-dmn-model-7.21.0.jar;C:\Users\Lenovo\.m2\repository\org\camunda\bpm\dmn\camunda-engine-feel-api\7.21.0\camunda-engine-feel-api-7.21.0.jar;C:\Users\Lenovo\.m2\repository\org\camunda\bpm\dmn\camunda-engine-feel-juel\7.21.0\camunda-engine-feel-juel-7.21.0.jar;C:\Users\Lenovo\.m2\repository\org\camunda\bpm\dmn\camunda-engine-feel-scala\7.21.0\camunda-engine-feel-scala-7.21.0.jar;C:\Users\Lenovo\.m2\repository\org\camunda\feel\feel-engine\1.17.5\feel-engine-1.17.5-scala-shaded.jar;C:\Users\Lenovo\.m2\repository\org\camunda\commons\camunda-commons-logging\1.13.0\camunda-commons-logging-1.13.0.jar;C:\Users\Lenovo\.m2\repository\org\camunda\commons\camunda-commons-typed-values\7.21.0\camunda-commons-typed-values-7.21.0.jar;C:\Users\Lenovo\.m2\repository\org\mybatis\mybatis\3.5.15\mybatis-3.5.15.jar;C:\Users\Lenovo\.m2\repository\org\springframework\spring-beans\5.3.27\spring-beans-5.3.27.jar;C:\Users\Lenovo\.m2\repository\org\springframework\spring-core\5.3.27\spring-core-5.3.27.jar;C:\Users\Lenovo\.m2\repository\org\springframework\spring-jcl\5.3.27\spring-jcl-5.3.27.jar;C:\Users\Lenovo\.m2\repository\joda-time\joda-time\2.12.5\joda-time-2.12.5.jar;C:\Users\Lenovo\.m2\repository\org\camunda\connect\camunda-connect-core\1.6.0\camunda-connect-core-1.6.0.jar;C:\Users\Lenovo\.m2\repository\org\camunda\connect\camunda-connect-connectors-all\1.6.0\camunda-connect-connectors-all-1.6.0.jar;C:\Users\Lenovo\.m2\repository\org\camunda\bpm\camunda-bpm-assert\7.21.0\camunda-bpm-assert-7.21.0.jar;C:\Users\Lenovo\.m2\repository\org\assertj\assertj-core\3.24.2\assertj-core-3.24.2.jar;C:\Users\Lenovo\.m2\repository\net\bytebuddy\byte-buddy\1.12.21\byte-buddy-1.12.21.jar;C:\Users\Lenovo\.m2\repository\org\camunda\spin\camunda-spin-dataformat-all\1.23.0\camunda-spin-dataformat-all-1.23.0.jar;C:\Users\Lenovo\.m2\repository\org\camunda\spin\camunda-spin-core\1.23.0\camunda-spin-core-1.23.0.jar;C:\Users\Lenovo\.m2\repository\org\slf4j\slf4j-api\1.7.26\slf4j-api-1.7.26.jar;C:\Users\Lenovo\.m2\repository\org\camunda\commons\camunda-commons-utils\1.13.0\camunda-commons-utils-1.13.0.jar;C:\Users\Lenovo\.m2\repository\org\camunda\bpm\camunda-engine-plugin-spin\7.21.0\camunda-engine-plugin-spin-7.21.0.jar;C:\Users\Lenovo\.m2\repository\org\camunda\template-engines\camunda-template-engines-freemarker\2.2.0\camunda-template-engines-freemarker-2.2.0.jar;C:\Users\Lenovo\.m2\repository\org\freemarker\freemarker\2.3.31\freemarker-2.3.31.jar;C:\Users\Lenovo\.m2\repository\javax\servlet\javax.servlet-api\3.1.0\javax.servlet-api-3.1.0.jar;C:\Users\Lenovo\.m2\repository\org\camunda\bpm\camunda-bpm-junit5\7.21.0\camunda-bpm-junit5-7.21.0.jar;C:\Users\Lenovo\.m2\repository\org\camunda\bpm\dmn\camunda-dmn-junit5\7.21.0\camunda-dmn-junit5-7.21.0.jar;C:\Users\Lenovo\.m2\repository\com\h2database\h2\2.1.214\h2-2.1.214.jar;C:\Users\Lenovo\.m2\repository\org\camunda\community\process_test_coverage\camunda-process-test-coverage-junit5-platform-7\2.1.0\camunda-process-test-coverage-junit5-platform-7-2.1.0.jar;C:\Users\Lenovo\.m2\repository\org\camunda\community\process_test_coverage\camunda-process-test-coverage-engine-platform-7\2.1.0\camunda-process-test-coverage-engine-platform-7-2.1.0.jar;C:\Users\Lenovo\.m2\repository\org\camunda\community\process_test_coverage\camunda-process-test-coverage-core\2.1.0\camunda-process-test-coverage-core-2.1.0.jar;C:\Users\Lenovo\.m2\repository\com\google\code\gson\gson\2.8.9\gson-2.8.9.jar;C:\Users\Lenovo\.m2\repository\org\camunda\community\process_test_coverage\camunda-process-test-coverage-report-generator\2.1.0\camunda-process-test-coverage-report-generator-2.1.0.jar;C:\Users\Lenovo\.m2\repository\org\apache\commons\commons-lang3\3.12.0\commons-lang3-3.12.0.jar;C:\Users\Lenovo\.m2\repository\io\github\microutils\kotlin-logging-jvm\3.0.0\kotlin-logging-jvm-3.0.0.jar;C:\Users\Lenovo\.m2\repository\org\jetbrains\kotlin\kotlin-stdlib-common\1.6.0\kotlin-stdlib-common-1.6.0.jar;C:\Users\Lenovo\.m2\repository\org\jetbrains\kotlin\kotlin-stdlib-jdk8\1.6.0\kotlin-stdlib-jdk8-1.6.0.jar;C:\Users\Lenovo\.m2\repository\org\jetbrains\kotlin\kotlin-stdlib\1.6.0\kotlin-stdlib-1.6.0.jar;C:\Users\Lenovo\.m2\repository\org\jetbrains\annotations\13.0\annotations-13.0.jar;C:\Users\Lenovo\.m2\repository\org\jetbrains\kotlin\kotlin-stdlib-jdk7\1.6.0\kotlin-stdlib-jdk7-1.6.0.jar;C:\Users\Lenovo\.m2\repository\org\junit\jupiter\junit-jupiter\5.8.2\junit-jupiter-5.8.2.jar;C:\Users\Lenovo\.m2\repository\org\junit\jupiter\junit-jupiter-api\5.8.2\junit-jupiter-api-5.8.2.jar;C:\Users\Lenovo\.m2\repository\org\opentest4j\opentest4j\1.2.0\opentest4j-1.2.0.jar;C:\Users\Lenovo\.m2\repository\org\junit\platform\junit-platform-commons\1.8.2\junit-platform-commons-1.8.2.jar;C:\Users\Lenovo\.m2\repository\org\apiguardian\apiguardian-api\1.1.2\apiguardian-api-1.1.2.jar;C:\Users\Lenovo\.m2\repository\org\junit\jupiter\junit-jupiter-params\5.8.2\junit-jupiter-params-5.8.2.jar;C:\Users\Lenovo\.m2\repository\org\junit\jupiter\junit-jupiter-engine\5.8.2\junit-jupiter-engine-5.8.2.jar;C:\Users\Lenovo\.m2\repository\org\junit\platform\junit-platform-engine\1.8.2\junit-platform-engine-1.8.2.jar;C:\Users\Lenovo\.m2\repository\org\camunda\bpm\extension\camunda-bpm-junit5\1.1.0\camunda-bpm-junit5-1.1.0.jar;C:\Users\Lenovo\.m2\repository\org\camunda\community\process_test_coverage\camunda-process-test-coverage-spring-test-platform-7\2.1.0\camunda-process-test-coverage-spring-test-platform-7-2.1.0.jar;C:\Users\Lenovo\.m2\repository\ch\qos\logback\logback-classic\1.2.12\logback-classic-1.2.12.jar;C:\Users\Lenovo\.m2\repository\ch\qos\logback\logback-core\1.2.12\logback-core-1.2.12.jar;C:\Users\Lenovo\.m2\repository\org\slf4j\jcl-over-slf4j\1.7.36\jcl-over-slf4j-1.7.36.jar;C:\Users\Lenovo\.m2\repository\org\slf4j\jul-to-slf4j\1.7.36\jul-to-slf4j-1.7.36.jar;"/>
    <property name="java.vm.vendor" value="Oracle Corporation"/>
    <property name="sun.arch.data.model" value="64"/>
    <property name="user.variant" value=""/>
    <property name="java.vendor.url" value="https://java.oracle.com/"/>
    <property name="user.timezone" value="Europe/Berlin"/>
    <property name="os.name" value="Windows 10"/>
    <property name="java.vm.specification.version" value="17"/>
    <property name="sun.java.launcher" value="SUN_STANDARD"/>
    <property name="user.country" value="DE"/>
    <property name="sun.boot.library.path" value="C:\Program Files\Java\jdk-17\bin"/>
    <property name="sun.java.command" value="C:\Users\Lenovo\AppData\Local\Temp\surefire12469573276858918766\surefirebooter-20240423125900957_3.jar C:\Users\Lenovo\AppData\Local\Temp\surefire12469573276858918766 2024-04-23T12-59-00_331-jvmRun1 surefire-20240423125900957_1tmp surefire_0-20240423125900957_2tmp"/>
    <property name="jdk.debug" value="release"/>
    <property name="surefire.test.class.path" value="C:\Users\Lenovo\Documents\Github Repositories\pra1.mmd\target\test-classes;C:\Users\Lenovo\Documents\Github Repositories\pra1.mmd\target\classes;C:\Users\Lenovo\.m2\repository\org\camunda\bpm\camunda-engine\7.21.0\camunda-engine-7.21.0.jar;C:\Users\Lenovo\.m2\repository\org\camunda\bpm\model\camunda-bpmn-model\7.21.0\camunda-bpmn-model-7.21.0.jar;C:\Users\Lenovo\.m2\repository\org\camunda\bpm\model\camunda-xml-model\7.21.0\camunda-xml-model-7.21.0.jar;C:\Users\Lenovo\.m2\repository\org\camunda\bpm\model\camunda-cmmn-model\7.21.0\camunda-cmmn-model-7.21.0.jar;C:\Users\Lenovo\.m2\repository\org\camunda\bpm\juel\camunda-juel\7.21.0\camunda-juel-7.21.0.jar;C:\Users\Lenovo\.m2\repository\org\camunda\bpm\dmn\camunda-engine-dmn\7.21.0\camunda-engine-dmn-7.21.0.jar;C:\Users\Lenovo\.m2\repository\org\camunda\bpm\model\camunda-dmn-model\7.21.0\camunda-dmn-model-7.21.0.jar;C:\Users\Lenovo\.m2\repository\org\camunda\bpm\dmn\camunda-engine-feel-api\7.21.0\camunda-engine-feel-api-7.21.0.jar;C:\Users\Lenovo\.m2\repository\org\camunda\bpm\dmn\camunda-engine-feel-juel\7.21.0\camunda-engine-feel-juel-7.21.0.jar;C:\Users\Lenovo\.m2\repository\org\camunda\bpm\dmn\camunda-engine-feel-scala\7.21.0\camunda-engine-feel-scala-7.21.0.jar;C:\Users\Lenovo\.m2\repository\org\camunda\feel\feel-engine\1.17.5\feel-engine-1.17.5-scala-shaded.jar;C:\Users\Lenovo\.m2\repository\org\camunda\commons\camunda-commons-logging\1.13.0\camunda-commons-logging-1.13.0.jar;C:\Users\Lenovo\.m2\repository\org\camunda\commons\camunda-commons-typed-values\7.21.0\camunda-commons-typed-values-7.21.0.jar;C:\Users\Lenovo\.m2\repository\org\mybatis\mybatis\3.5.15\mybatis-3.5.15.jar;C:\Users\Lenovo\.m2\repository\org\springframework\spring-beans\5.3.27\spring-beans-5.3.27.jar;C:\Users\Lenovo\.m2\repository\org\springframework\spring-core\5.3.27\spring-core-5.3.27.jar;C:\Users\Lenovo\.m2\repository\org\springframework\spring-jcl\5.3.27\spring-jcl-5.3.27.jar;C:\Users\Lenovo\.m2\repository\joda-time\joda-time\2.12.5\joda-time-2.12.5.jar;C:\Users\Lenovo\.m2\repository\org\camunda\connect\camunda-connect-core\1.6.0\camunda-connect-core-1.6.0.jar;C:\Users\Lenovo\.m2\repository\org\camunda\connect\camunda-connect-connectors-all\1.6.0\camunda-connect-connectors-all-1.6.0.jar;C:\Users\Lenovo\.m2\repository\org\camunda\bpm\camunda-bpm-assert\7.21.0\camunda-bpm-assert-7.21.0.jar;C:\Users\Lenovo\.m2\repository\org\assertj\assertj-core\3.24.2\assertj-core-3.24.2.jar;C:\Users\Lenovo\.m2\repository\net\bytebuddy\byte-buddy\1.12.21\byte-buddy-1.12.21.jar;C:\Users\Lenovo\.m2\repository\org\camunda\spin\camunda-spin-dataformat-all\1.23.0\camunda-spin-dataformat-all-1.23.0.jar;C:\Users\Lenovo\.m2\repository\org\camunda\spin\camunda-spin-core\1.23.0\camunda-spin-core-1.23.0.jar;C:\Users\Lenovo\.m2\repository\org\slf4j\slf4j-api\1.7.26\slf4j-api-1.7.26.jar;C:\Users\Lenovo\.m2\repository\org\camunda\commons\camunda-commons-utils\1.13.0\camunda-commons-utils-1.13.0.jar;C:\Users\Lenovo\.m2\repository\org\camunda\bpm\camunda-engine-plugin-spin\7.21.0\camunda-engine-plugin-spin-7.21.0.jar;C:\Users\Lenovo\.m2\repository\org\camunda\template-engines\camunda-template-engines-freemarker\2.2.0\camunda-template-engines-freemarker-2.2.0.jar;C:\Users\Lenovo\.m2\repository\org\freemarker\freemarker\2.3.31\freemarker-2.3.31.jar;C:\Users\Lenovo\.m2\repository\javax\servlet\javax.servlet-api\3.1.0\javax.servlet-api-3.1.0.jar;C:\Users\Lenovo\.m2\repository\org\camunda\bpm\camunda-bpm-junit5\7.21.0\camunda-bpm-junit5-7.21.0.jar;C:\Users\Lenovo\.m2\repository\org\camunda\bpm\dmn\camunda-dmn-junit5\7.21.0\camunda-dmn-junit5-7.21.0.jar;C:\Users\Lenovo\.m2\repository\com\h2database\h2\2.1.214\h2-2.1.214.jar;C:\Users\Lenovo\.m2\repository\org\camunda\community\process_test_coverage\camunda-process-test-coverage-junit5-platform-7\2.1.0\camunda-process-test-coverage-junit5-platform-7-2.1.0.jar;C:\Users\Lenovo\.m2\repository\org\camunda\community\process_test_coverage\camunda-process-test-coverage-engine-platform-7\2.1.0\camunda-process-test-coverage-engine-platform-7-2.1.0.jar;C:\Users\Lenovo\.m2\repository\org\camunda\community\process_test_coverage\camunda-process-test-coverage-core\2.1.0\camunda-process-test-coverage-core-2.1.0.jar;C:\Users\Lenovo\.m2\repository\com\google\code\gson\gson\2.8.9\gson-2.8.9.jar;C:\Users\Lenovo\.m2\repository\org\camunda\community\process_test_coverage\camunda-process-test-coverage-report-generator\2.1.0\camunda-process-test-coverage-report-generator-2.1.0.jar;C:\Users\Lenovo\.m2\repository\org\apache\commons\commons-lang3\3.12.0\commons-lang3-3.12.0.jar;C:\Users\Lenovo\.m2\repository\io\github\microutils\kotlin-logging-jvm\3.0.0\kotlin-logging-jvm-3.0.0.jar;C:\Users\Lenovo\.m2\repository\org\jetbrains\kotlin\kotlin-stdlib-common\1.6.0\kotlin-stdlib-common-1.6.0.jar;C:\Users\Lenovo\.m2\repository\org\jetbrains\kotlin\kotlin-stdlib-jdk8\1.6.0\kotlin-stdlib-jdk8-1.6.0.jar;C:\Users\Lenovo\.m2\repository\org\jetbrains\kotlin\kotlin-stdlib\1.6.0\kotlin-stdlib-1.6.0.jar;C:\Users\Lenovo\.m2\repository\org\jetbrains\annotations\13.0\annotations-13.0.jar;C:\Users\Lenovo\.m2\repository\org\jetbrains\kotlin\kotlin-stdlib-jdk7\1.6.0\kotlin-stdlib-jdk7-1.6.0.jar;C:\Users\Lenovo\.m2\repository\org\junit\jupiter\junit-jupiter\5.8.2\junit-jupiter-5.8.2.jar;C:\Users\Lenovo\.m2\repository\org\junit\jupiter\junit-jupiter-api\5.8.2\junit-jupiter-api-5.8.2.jar;C:\Users\Lenovo\.m2\repository\org\opentest4j\opentest4j\1.2.0\opentest4j-1.2.0.jar;C:\Users\Lenovo\.m2\repository\org\junit\platform\junit-platform-commons\1.8.2\junit-platform-commons-1.8.2.jar;C:\Users\Lenovo\.m2\repository\org\apiguardian\apiguardian-api\1.1.2\apiguardian-api-1.1.2.jar;C:\Users\Lenovo\.m2\repository\org\junit\jupiter\junit-jupiter-params\5.8.2\junit-jupiter-params-5.8.2.jar;C:\Users\Lenovo\.m2\repository\org\junit\jupiter\junit-jupiter-engine\5.8.2\junit-jupiter-engine-5.8.2.jar;C:\Users\Lenovo\.m2\repository\org\junit\platform\junit-platform-engine\1.8.2\junit-platform-engine-1.8.2.jar;C:\Users\Lenovo\.m2\repository\org\camunda\bpm\extension\camunda-bpm-junit5\1.1.0\camunda-bpm-junit5-1.1.0.jar;C:\Users\Lenovo\.m2\repository\org\camunda\community\process_test_coverage\camunda-process-test-coverage-spring-test-platform-7\2.1.0\camunda-process-test-coverage-spring-test-platform-7-2.1.0.jar;C:\Users\Lenovo\.m2\repository\ch\qos\logback\logback-classic\1.2.12\logback-classic-1.2.12.jar;C:\Users\Lenovo\.m2\repository\ch\qos\logback\logback-core\1.2.12\logback-core-1.2.12.jar;C:\Users\Lenovo\.m2\repository\org\slf4j\jcl-over-slf4j\1.7.36\jcl-over-slf4j-1.7.36.jar;C:\Users\Lenovo\.m2\repository\org\slf4j\jul-to-slf4j\1.7.36\jul-to-slf4j-1.7.36.jar;"/>
    <property name="sun.cpu.endian" value="little"/>
    <property name="user.home" value="C:\Users\Lenovo"/>
    <property name="user.language" value="de"/>
    <property name="java.specification.vendor" value="Oracle Corporation"/>
    <property name="java.version.date" value="2023-01-17"/>
    <property name="java.home" value="C:\Program Files\Java\jdk-17"/>
    <property name="file.separator" value="\"/>
    <property name="basedir" value="C:\Users\Lenovo\Documents\Github Repositories\pra1.mmd"/>
    <property name="java.vm.compressedOopsMode" value="Zero based"/>
    <property name="line.separator" value="&#10;"/>
    <property name="java.vm.specification.vendor" value="Oracle Corporation"/>
    <property name="java.specification.name" value="Java Platform API Specification"/>
    <property name="surefire.real.class.path" value="C:\Users\Lenovo\AppData\Local\Temp\surefire12469573276858918766\surefirebooter-20240423125900957_3.jar"/>
    <property name="user.script" value=""/>
    <property name="sun.management.compiler" value="HotSpot 64-Bit Tiered Compilers"/>
    <property name="java.runtime.version" value="17.0.6+9-LTS-190"/>
    <property name="user.name" value="Lenovo"/>
    <property name="path.separator" value=";"/>
    <property name="os.version" value="10.0"/>
    <property name="java.runtime.name" value="Java(TM) SE Runtime Environment"/>
    <property name="file.encoding" value="Cp1252"/>
    <property name="java.vm.name" value="Java HotSpot(TM) 64-Bit Server VM"/>
    <property name="localRepository" value="C:\Users\Lenovo\.m2\repository"/>
    <property name="java.vendor.url.bug" value="https://bugreport.java.com/bugreport/"/>
    <property name="java.io.tmpdir" value="C:\Users\Lenovo\AppData\Local\Temp\"/>
    <property name="java.version" value="17.0.6"/>
    <property name="user.dir" value="C:\Users\Lenovo\Documents\Github Repositories\pra1.mmd"/>
    <property name="os.arch" value="amd64"/>
    <property name="java.vm.specification.name" value="Java Virtual Machine Specification"/>
    <property name="sun.os.patch.level" value=""/>
    <property name="native.encoding" value="Cp1252"/>
    <property name="java.library.path" value="C:\Program Files\Java\jdk-17\bin;C:\Windows\Sun\Java\bin;C:\Windows\system32;C:\Windows;C:\Program Files\Common Files\Oracle\Java\javapath;C:\Program Files (x86)\Common Files\Oracle\Java\javapath;C:\Program Files\Eclipse Foundation\jdk-11.0.12.7-hotspot\bin;C:\Windows\system32;C:\Windows;C:\Windows\System32\Wbem;C:\Windows\System32\WindowsPowerShell\v1.0\;C:\Windows\System32\OpenSSH\;C:\Program Files\Git\cmd;C:\Program Files\MATLAB\R2021b\bin;C:\Program Files\Calibre2\;C:\msys64\mingw64\bin;C:\Program Files\Microsoft SQL Server\150\Tools\Binn\;C:\Program Files\Microsoft SQL Server\Client SDK\ODBC\170\Tools\Binn\;C:\Program Files\dotnet\;C:\Program Files\nodejs\;C:\Program Files\apache-maven-3.9.0\bin;;C:\Program Files\Docker\Docker\resources\bin;C:\ProgramData\chocolatey\bin;C:\Users\Lenovo\AppData\Local\Microsoft\WindowsApps;C:\Users\Lenovo\AppData\Local\Programs\Microsoft VS Code\bin;C:\Users\Lenovo\AppData\Local\GitHubDesktop\bin;C:\Users\Lenovo\.dotnet\tools;C:\Users\Lenovo\AppData\Roaming\npm;C:\Program Files\apache-maven-3.9.0\bin;;."/>
    <property name="java.vm.info" value="mixed mode, sharing"/>
    <property name="java.vendor" value="Oracle Corporation"/>
    <property name="java.vm.version" value="17.0.6+9-LTS-190"/>
    <property name="sun.io.unicode.encoding" value="UnicodeLittle"/>
    <property name="java.class.version" value="61.0"/>
  </properties>
  <testcase name="testHappyPath" classname="de.haw.pra1.mmd.ProcessUnitTest" time="4.286">
    <system-out><![CDATA[12:59:04.205 [main] DEBUG org.camunda.bpm.engine.test - ==== BUILDING PROCESS ENGINE ========================================================================
12:59:05.362 [main] INFO  org.camunda.bpm.engine.cfg - ENGINE-12003 Plugin 'SpinProcessEnginePlugin' activated on process engine 'default'
12:59:05.378 [main] INFO  org.camunda.spin - SPIN-01010 Discovered Spin data format provider: org.camunda.spin.impl.json.jackson.format.JacksonJsonDataFormatProvider[name = application/json]
12:59:05.851 [main] INFO  org.camunda.spin - SPIN-01010 Discovered Spin data format provider: org.camunda.spin.impl.xml.dom.format.DomXmlDataFormatProvider[name = application/xml]
12:59:06.157 [main] INFO  org.camunda.spin - SPIN-01009 Discovered Spin data format: org.camunda.spin.impl.xml.dom.format.DomXmlDataFormat[name = application/xml]
12:59:06.158 [main] INFO  org.camunda.spin - SPIN-01009 Discovered Spin data format: org.camunda.spin.impl.json.jackson.format.JacksonJsonDataFormat[name = application/json]
12:59:06.612 [main] INFO  org.camunda.bpm.dmn.feel.scala - FEEL/SCALA-01001 Spin value mapper detected
12:59:06.922 [main] INFO  org.camunda.feel.FeelEngine - Engine created. [value-mapper: CompositeValueMapper(List(org.camunda.feel.impl.JavaValueMapper@75798d03, org.camunda.spin.plugin.impl.feel.integration.SpinValueMapper@40f8f5a8)), function-provider: org.camunda.bpm.dmn.feel.impl.scala.function.CustomFunctionTransformer@50a691d3, clock: SystemClock, configuration: {externalFunctionsEnabled: false}]
12:59:15.356 [main] INFO  org.camunda.bpm.connect - CNCT-01004 Discovered provider for connector id 'http-connector' and class 'org.camunda.connect.httpclient.impl.HttpConnectorImpl': 'org.camunda.connect.httpclient.impl.HttpConnectorProviderImpl'
12:59:15.364 [main] INFO  org.camunda.bpm.connect - CNCT-01004 Discovered provider for connector id 'soap-http-connector' and class 'org.camunda.connect.httpclient.soap.impl.SoapHttpConnectorImpl': 'org.camunda.connect.httpclient.soap.impl.SoapHttpConnectorProviderImpl'
12:59:16.112 [main] INFO  org.camunda.bpm.engine.persistence - ENGINE-03016 Performing database operation 'create' on component 'engine' with resource 'org/camunda/bpm/engine/db/create/activiti.h2.create.engine.sql'
12:59:16.242 [main] INFO  org.camunda.bpm.engine.persistence - ENGINE-03016 Performing database operation 'create' on component 'history' with resource 'org/camunda/bpm/engine/db/create/activiti.h2.create.history.sql'
12:59:16.303 [main] INFO  org.camunda.bpm.engine.persistence - ENGINE-03016 Performing database operation 'create' on component 'identity' with resource 'org/camunda/bpm/engine/db/create/activiti.h2.create.identity.sql'
12:59:16.365 [main] INFO  org.camunda.bpm.engine.persistence - ENGINE-03016 Performing database operation 'create' on component 'case.engine' with resource 'org/camunda/bpm/engine/db/create/activiti.h2.create.case.engine.sql'
12:59:16.392 [main] INFO  org.camunda.bpm.engine.persistence - ENGINE-03016 Performing database operation 'create' on component 'case.history' with resource 'org/camunda/bpm/engine/db/create/activiti.h2.create.case.history.sql'
12:59:16.420 [main] INFO  org.camunda.bpm.engine.persistence - ENGINE-03016 Performing database operation 'create' on component 'decision.engine' with resource 'org/camunda/bpm/engine/db/create/activiti.h2.create.decision.engine.sql'
12:59:16.505 [main] INFO  org.camunda.bpm.engine.persistence - ENGINE-03016 Performing database operation 'create' on component 'decision.history' with resource 'org/camunda/bpm/engine/db/create/activiti.h2.create.decision.history.sql'
12:59:16.616 [main] INFO  org.camunda.bpm.engine.persistence - ENGINE-03067 No history level property found in database
12:59:16.630 [main] INFO  org.camunda.bpm.engine.persistence - ENGINE-03065 Creating historyLevel property in database for level: HistoryLevelFull(name=full, id=3)
12:59:16.678 [main] INFO  org.camunda.bpm.engine - ENGINE-00001 Process Engine default created.
12:59:16.683 [main] DEBUG org.camunda.bpm.engine.test - ==== PROCESS ENGINE CREATED =========================================================================
12:59:16.747 [main] INFO  o.c.b.e.j.t.ProcessEngineExtension - annotation @Deployment creates deployment for de.haw.pra1.mmd.ProcessUnitTest.testHappyPath
java.util.DateTest
12:59:20.811 [main] INFO  o.c.c.p.j.p.ProcessEngineCoverageExtension - testHappyPath test method coverage is 0.4318181818181818
12:59:20.811 [main] INFO  o.c.b.e.j.t.ProcessEngineExtension - annotation @Deployment deletes deployment for de.haw.pra1.mmd.ProcessUnitTest.testHappyPath
]]></system-out>
    <system-err><![CDATA[Apr. 23, 2024 12:59:19 PM de.haw.pra1.mmd.VerifyApplication execute
INFORMATION: java.util.DateTest
Apr. 23, 2024 12:59:19 PM de.haw.pra1.mmd.RequestManager execute
INFORMATION: Generate PDF for: myBusinessKey
Apr. 23, 2024 12:59:19 PM de.haw.pra1.mmd.RequestManager execute
INFORMATION: File objection for: myBusinessKey
]]></system-err>
  </testcase>
  <testcase name="testFirstRejectRequest" classname="de.haw.pra1.mmd.ProcessUnitTest" time="0.735">
    <system-out><![CDATA[12:59:20.989 [main] INFO  o.c.b.e.j.t.ProcessEngineExtension - annotation @Deployment creates deployment for de.haw.pra1.mmd.ProcessUnitTest.testFirstRejectRequest
java.util.DateTest
12:59:21.588 [main] INFO  o.c.c.p.j.p.ProcessEngineCoverageExtension - testFirstRejectRequest test method coverage is 0.3181818181818182
12:59:21.589 [main] INFO  o.c.b.e.j.t.ProcessEngineExtension - annotation @Deployment deletes deployment for de.haw.pra1.mmd.ProcessUnitTest.testFirstRejectRequest
]]></system-out>
    <system-err><![CDATA[Apr. 23, 2024 12:59:21 PM de.haw.pra1.mmd.VerifyApplication execute
INFORMATION: java.util.DateTest
Apr. 23, 2024 12:59:21 PM de.haw.pra1.mmd.RequestManager execute
INFORMATION: Generate PDF for: myBusinessKey
Apr. 23, 2024 12:59:21 PM de.haw.pra1.mmd.RequestManager execute
INFORMATION: File objection for: myBusinessKey
]]></system-err>
  </testcase>
  <testcase name="testThirdRejectRequest" classname="de.haw.pra1.mmd.ProcessUnitTest" time="0.988">
    <system-out><![CDATA[12:59:21.739 [main] INFO  o.c.b.e.j.t.ProcessEngineExtension - annotation @Deployment creates deployment for de.haw.pra1.mmd.ProcessUnitTest.testThirdRejectRequest
java.util.DateTest
12:59:22.596 [main] INFO  o.c.c.p.j.p.ProcessEngineCoverageExtension - testThirdRejectRequest test method coverage is 0.45454545454545453
12:59:22.597 [main] INFO  o.c.b.e.j.t.ProcessEngineExtension - annotation @Deployment deletes deployment for de.haw.pra1.mmd.ProcessUnitTest.testThirdRejectRequest
]]></system-out>
    <system-err><![CDATA[Apr. 23, 2024 12:59:22 PM de.haw.pra1.mmd.VerifyApplication execute
INFORMATION: java.util.DateTest
Apr. 23, 2024 12:59:22 PM de.haw.pra1.mmd.RequestManager execute
INFORMATION: Generate PDF for: myBusinessKey
Apr. 23, 2024 12:59:22 PM de.haw.pra1.mmd.RequestManager execute
INFORMATION: File objection for: myBusinessKey
]]></system-err>
  </testcase>
  <testcase name="testObjectionRefused" classname="de.haw.pra1.mmd.ProcessUnitTest" time="1.244">
    <system-out><![CDATA[12:59:22.726 [main] INFO  o.c.b.e.j.t.ProcessEngineExtension - annotation @Deployment creates deployment for de.haw.pra1.mmd.ProcessUnitTest.testObjectionRefused
java.util.DateTest
12:59:23.679 [main] INFO  o.c.c.p.j.p.ProcessEngineCoverageExtension - testObjectionRefused test method coverage is 0.4090909090909091
12:59:23.680 [main] INFO  o.c.b.e.j.t.ProcessEngineExtension - annotation @Deployment deletes deployment for de.haw.pra1.mmd.ProcessUnitTest.testObjectionRefused
]]></system-out>
    <system-err><![CDATA[Apr. 23, 2024 12:59:22 PM de.haw.pra1.mmd.VerifyApplication execute
INFORMATION: java.util.DateTest
Apr. 23, 2024 12:59:23 PM de.haw.pra1.mmd.RequestManager execute
INFORMATION: Generate PDF for: myBusinessKey
Apr. 23, 2024 12:59:23 PM de.haw.pra1.mmd.RequestManager execute
INFORMATION: File objection for: myBusinessKey
Apr. 23, 2024 12:59:23 PM de.haw.pra1.mmd.RequestManager execute
INFORMATION: Generate PDF for: myBusinessKey
Apr. 23, 2024 12:59:23 PM de.haw.pra1.mmd.RequestManager execute
INFORMATION: File objection for: myBusinessKey
]]></system-err>
  </testcase>
  <testcase name="testFirstTimerExceeded" classname="de.haw.pra1.mmd.ProcessUnitTest" time="0.803">
    <system-out><![CDATA[12:59:23.971 [main] INFO  o.c.b.e.j.t.ProcessEngineExtension - annotation @Deployment creates deployment for de.haw.pra1.mmd.ProcessUnitTest.testFirstTimerExceeded
java.util.DateTest
12:59:24.667 [main] INFO  o.c.c.p.j.p.ProcessEngineCoverageExtension - testFirstTimerExceeded test method coverage is 0.36363636363636365
12:59:24.667 [main] INFO  o.c.b.e.j.t.ProcessEngineExtension - annotation @Deployment deletes deployment for de.haw.pra1.mmd.ProcessUnitTest.testFirstTimerExceeded
]]></system-out>
    <system-err><![CDATA[Apr. 23, 2024 12:59:24 PM de.haw.pra1.mmd.VerifyApplication execute
INFORMATION: java.util.DateTest
Apr. 23, 2024 12:59:24 PM de.haw.pra1.mmd.RequestManager execute
INFORMATION: Generate PDF for: myBusinessKey
Apr. 23, 2024 12:59:24 PM de.haw.pra1.mmd.RequestManager execute
INFORMATION: File objection for: myBusinessKey
]]></system-err>
  </testcase>
  <testcase name="testSecondRejectRequest" classname="de.haw.pra1.mmd.ProcessUnitTest" time="0.806">
    <system-out><![CDATA[12:59:24.790 [main] INFO  o.c.b.e.j.t.ProcessEngineExtension - annotation @Deployment creates deployment for de.haw.pra1.mmd.ProcessUnitTest.testSecondRejectRequest
java.util.DateTest
12:59:25.548 [main] INFO  o.c.c.p.j.p.ProcessEngineCoverageExtension - testSecondRejectRequest test method coverage is 0.36363636363636365
12:59:25.548 [main] INFO  o.c.b.e.j.t.ProcessEngineExtension - annotation @Deployment deletes deployment for de.haw.pra1.mmd.ProcessUnitTest.testSecondRejectRequest
]]></system-out>
    <system-err><![CDATA[Apr. 23, 2024 12:59:25 PM de.haw.pra1.mmd.VerifyApplication execute
INFORMATION: java.util.DateTest
Apr. 23, 2024 12:59:25 PM de.haw.pra1.mmd.RequestManager execute
INFORMATION: Generate PDF for: myBusinessKey
Apr. 23, 2024 12:59:25 PM de.haw.pra1.mmd.RequestManager execute
INFORMATION: File objection for: myBusinessKey
]]></system-err>
  </testcase>
  <testcase name="testSecondTimerExceeded" classname="de.haw.pra1.mmd.ProcessUnitTest" time="0.779">
    <system-out><![CDATA[12:59:25.672 [main] INFO  o.c.b.e.j.t.ProcessEngineExtension - annotation @Deployment creates deployment for de.haw.pra1.mmd.ProcessUnitTest.testSecondTimerExceeded
java.util.DateTest
12:59:26.262 [main] INFO  o.c.c.p.j.p.ProcessEngineCoverageExtension - testSecondTimerExceeded test method coverage is 0.45454545454545453
12:59:26.267 [main] INFO  o.c.b.e.j.t.ProcessEngineExtension - annotation @Deployment deletes deployment for de.haw.pra1.mmd.ProcessUnitTest.testSecondTimerExceeded
]]></system-out>
    <system-err><![CDATA[Apr. 23, 2024 12:59:25 PM de.haw.pra1.mmd.VerifyApplication execute
INFORMATION: java.util.DateTest
Apr. 23, 2024 12:59:25 PM de.haw.pra1.mmd.RequestManager execute
INFORMATION: Generate PDF for: myBusinessKey
Apr. 23, 2024 12:59:25 PM de.haw.pra1.mmd.RequestManager execute
INFORMATION: File objection for: myBusinessKey
]]></system-err>
  </testcase>
  <testcase name="testDateNotValid" classname="de.haw.pra1.mmd.ProcessUnitTest" time="0.4">
    <system-out><![CDATA[12:59:26.420 [main] INFO  o.c.b.e.j.t.ProcessEngineExtension - annotation @Deployment creates deployment for de.haw.pra1.mmd.ProcessUnitTest.testDateNotValid
java.util.DateTest
12:59:26.740 [main] INFO  o.c.c.p.j.p.ProcessEngineCoverageExtension - testDateNotValid test method coverage is 0.1590909090909091
12:59:26.740 [main] INFO  o.c.b.e.j.t.ProcessEngineExtension - annotation @Deployment deletes deployment for de.haw.pra1.mmd.ProcessUnitTest.testDateNotValid
]]></system-out>
    <system-err><![CDATA[Apr. 23, 2024 12:59:26 PM de.haw.pra1.mmd.VerifyApplication execute
INFORMATION: java.util.DateTest
]]></system-err>
  </testcase>
</testsuite>